Arguments: 
  C:\Program Files\nodejs\node.exe C:\Program Files (x86)\Yarn\bin\yarn.js start

PATH: 
  C:\Program Files\Microsoft MPI\Bin\;C:\Windows\system32;C:\Windows;C:\Windows\System32\Wbem;C:\Windows\System32\WindowsPowerShell\v1.0\;C:\Windows\System32\OpenSSH\;C:\Program Files\NVIDIA Corporation\NVIDIA NvDLISR;C:\ProgramData\chocolatey\bin;C:\Program Files\Git\cmd;C:\Program Files (x86)\Vim\vim90;C:\Program Files\apache-maven-3.8.6\bin;C:\Users\ahmed\AppData\Local\Android\Sdk\platform-tools;C:\Program Files\JetBrains\IntelliJ IDEA 2022.2\bin;C:\Program Files\gradle-7.5.1\bin;C:\Program Files\OpenJDK\openjdk-11.0.16_8\bin;C:\Program Files\dotnet\;C:\Users\ahmed\Downloads\Redis-x64-3.0.504;C:\Users\ahmed\AppData\Roaming\nvm;C:\Program Files\nodejs;C:\Program Files (x86)\Yarn\bin\;C:\Program Files\MySQL\MySQL Shell 8.0\bin\;C:\Users\ahmed\.pyenv\pyenv-win\bin;C:\Users\ahmed\.pyenv\pyenv-win\shims;C:\Users\ahmed\AppData\Local\Microsoft\WindowsApps;C:\Program Files\CodeBlocks\MinGW\bin;C:\Users\ahmed\AppData\Local\Programs\Microsoft VS Code\bin;C:\Program Files\Git\mingw64\bin;C:\Users\ahmed\AppData\Roaming\npm;C:\Users\ahmed\AppData\Local\Android\Sdk\platform-tools;C:\Users\ahmed\AppData\Roaming\Python\Scripts;C:\Users\ahmed\AppData\Local\GitHubDesktop\bin;C:\Program Files\Docker\Docker\resources\bin;C:\Users\ahmed\AppData\Roaming\nvm;C:\Program Files\nodejs;C:\Users\ahmed\AppData\Local\Yarn\bin;C:\Program Files\nodejs;

Yarn version: 
  1.22.19

Node version: 
  20.0.0

Platform: 
  win32 x64

Trace: 
  SyntaxError: D:\Constructor Institute Courses\Semester 2\Advanced DB\project\frontend\package.json: Expected double-quoted property name in JSON at position 460
      at JSON.parse (<anonymous>)
      at C:\Program Files (x86)\Yarn\lib\cli.js:1629:59
      at Generator.next (<anonymous>)
      at step (C:\Program Files (x86)\Yarn\lib\cli.js:310:30)
      at C:\Program Files (x86)\Yarn\lib\cli.js:321:13

npm manifest: 
  {
    "name": "frontend",
    "version": "0.1.0",
    "private": true,
    "dependencies": {
      "@testing-library/jest-dom": "^5.17.0",
      "@testing-library/react": "^13.4.0",
      "@testing-library/user-event": "^13.5.0",
          "react": "^18.2.0",
      "react-dom": "^18.2.0",
      "react-router-dom": "^6.22.3",
      "react-scripts": "5.0.1",
      "web-vitals": "^2.1.4"
    },
    "scripts": {
      "start": "react-scripts start",
      "build": "react-scripts build",
      // "start": "react-scripts --openssl-legacy-provider start",
      // "build": "react-scripts --openssl-legacy-provider build",
      "test": "react-scripts test",
      "eject": "react-scripts eject"
    },
    "eslintConfig": {
      "extends": [
        "react-app",
        "react-app/jest"
      ]
    },
    "browserslist": {
      "production": [
        ">0.2%",
        "not dead",
        "not op_mini all"
      ],
      "development": [
        "last 1 chrome version",
        "last 1 firefox version",
        "last 1 safari version"
      ]
    }
  }

yarn manifest: 
  No manifest

Lockfile: 
  No lockfile
